# JRE version: Java(TM) SE Runtime Environment (21.0.2+13) (build 21.0.2+13-LTS-58)
# Java VM: Java HotSpot(TM) 64-Bit Server VM (21.0.2+13-LTS-58, mixed mode, emulated-client, sharing, tiered, compressed oops, compressed class ptrs, g1 gc, windows-amd64)
GC Precious Log:
 CardTable entry size: 512
 Card Set container configuration: InlinePtr #cards 4 size 8 Array Of Cards #cards 32 size 80 Howl #buckets 8 coarsen threshold 7372 Howl Bitmap #cards 1024 size 144 coarsen threshold 921 Card regions per heap region 1 cards per card region 8192
 CPUs: 20 total, 20 available
 Memory: 32461M
 Large Page Support: Disabled
 NUMA Support: Disabled
 Compressed Oops: Enabled (Zero based)
 Heap Region Size: 4M
 Heap Min Capacity: 8M
 Heap Initial Capacity: 508M
 Heap Max Capacity: 8116M
 Pre-touch: Disabled
 Parallel Workers: 15
 Concurrent Workers: 4
 Concurrent Refinement Workers: 15
 Periodic GC: Disabled
Heap:
 garbage-first heap   total 57344K, used 11565K [0x0000000604c00000, 0x0000000800000000)
  region size 4096K, 1 young (4096K), 1 survivors (4096K)
 Metaspace       used 22802K, committed 23168K, reserved 1114112K
  class space    used 3094K, committed 3264K, reserved 1048576K
GC Heap History (11 events):
Event: 0.550 GC heap before
{Heap before GC invocations=0 (full 0):
 garbage-first heap   total 520192K, used 24576K [0x0000000604c00000, 0x0000000800000000)
  region size 4096K, 6 young (24576K), 0 survivors (0K)
 Metaspace       used 8387K, committed 8640K, reserved 1114112K
  class space    used 1091K, committed 1216K, reserved 1048576K
}
Event: 0.555 GC heap after
{Heap after GC invocations=1 (full 0):
 garbage-first heap   total 520192K, used 5627K [0x0000000604c00000, 0x0000000800000000)
  region size 4096K, 1 young (4096K), 1 survivors (4096K)
 Metaspace       used 8387K, committed 8640K, reserved 1114112K
  class space    used 1091K, committed 1216K, reserved 1048576K
}
Event: 0.875 GC heap before
{Heap before GC invocations=1 (full 0):
 garbage-first heap   total 520192K, used 30203K [0x0000000604c00000, 0x0000000800000000)
  region size 4096K, 7 young (28672K), 1 survivors (4096K)
 Metaspace       used 13161K, committed 13504K, reserved 1114112K
  class space    used 1821K, committed 1984K, reserved 1048576K
}
Event: 0.879 GC heap after
{Heap after GC invocations=2 (full 0):
 garbage-first heap   total 520192K, used 7768K [0x0000000604c00000, 0x0000000800000000)
  region size 4096K, 1 young (4096K), 1 survivors (4096K)
 Metaspace       used 13161K, committed 13504K, reserved 1114112K
  class space    used 1821K, committed 1984K, reserved 1048576K
}
Event: 0.919 GC heap before
{Heap before GC invocations=2 (full 0):
 garbage-first heap   total 520192K, used 7768K [0x0000000604c00000, 0x0000000800000000)
  region size 4096K, 2 young (8192K), 1 survivors (4096K)
 Metaspace       used 13377K, committed 13632K, reserved 1114112K
  class space    used 1860K, committed 1984K, reserved 1048576K
}
Event: 0.920 GC heap after
{Heap after GC invocations=3 (full 0):
 garbage-first heap   total 520192K, used 7894K [0x0000000604c00000, 0x0000000800000000)
  region size 4096K, 1 young (4096K), 1 survivors (4096K)
 Metaspace       used 13377K, committed 13632K, reserved 1114112K
  class space    used 1860K, committed 1984K, reserved 1048576K
}
Event: 1.119 GC heap before
{Heap before GC invocations=4 (full 0):
 garbage-first heap   total 57344K, used 32470K [0x0000000604c00000, 0x0000000800000000)
  region size 4096K, 8 young (32768K), 1 survivors (4096K)
 Metaspace       used 18858K, committed 19200K, reserved 1114112K
  class space    used 2536K, committed 2688K, reserved 1048576K
}
Event: 1.122 GC heap after
{Heap after GC invocations=5 (full 0):
 garbage-first heap   total 57344K, used 9950K [0x0000000604c00000, 0x0000000800000000)
  region size 4096K, 1 young (4096K), 1 survivors (4096K)
 Metaspace       used 18858K, committed 19200K, reserved 1114112K
  class space    used 2536K, committed 2688K, reserved 1048576K
}
Event: 1.267 GC heap before
{Heap before GC invocations=5 (full 0):
 garbage-first heap   total 57344K, used 26334K [0x0000000604c00000, 0x0000000800000000)
  region size 4096K, 6 young (24576K), 1 survivors (4096K)
 Metaspace       used 22505K, committed 22848K, reserved 1114112K
  class space    used 3060K, committed 3200K, reserved 1048576K
}
Event: 1.271 GC heap after
{Heap after GC invocations=6 (full 0):
 garbage-first heap   total 57344K, used 11564K [0x0000000604c00000, 0x0000000800000000)
  region size 4096K, 1 young (4096K), 1 survivors (4096K)
 Metaspace       used 22505K, committed 22848K, reserved 1114112K
  class space    used 3060K, committed 3200K, reserved 1048576K
}
Event: 1.303 GC heap before
{Heap before GC invocations=6 (full 0):
 garbage-first heap   total 57344K, used 11564K [0x0000000604c00000, 0x0000000800000000)
  region size 4096K, 2 young (8192K), 1 survivors (4096K)
 Metaspace       used 22802K, committed 23168K, reserved 1114112K
  class space    used 3094K, committed 3264K, reserved 1048576K
}

